<?xml version="1.0" encoding="UTF-8"?>
<testsuite xmlns:xsi="http://www.w3.org/2001/XMLSchema-instance" xsi:noNamespaceSchemaLocation="https://maven.apache.org/surefire/maven-surefire-plugin/xsd/surefire-test-report-3.0.xsd" version="3.0" name="com.moneybags.ledger.LedgerApiIntegrationTest" time="9.799" tests="2" errors="0" skipped="0" failures="0">
  <properties>
[...]
</properties>
  <testcase name="exposesOpenApiAndMeaningfulValidationErrors" classname="com.moneybags.ledger.LedgerApiIntegrationTest" time="1.064">
    <system-out><![CDATA[14:33:49.704 [main] INFO org.springframework.test.context.support.AnnotationConfigContextLoaderUtils -- Could not detect default configuration classes for test class [com.moneybags.ledger.LedgerApiIntegrationTest]: LedgerApiIntegrationTest does not declare any static, non-private, non-final, nested classes annotated with @Configuration.
14:33:49.888 [main] INFO org.springframework.boot.test.context.SpringBootTestContextBootstrapper -- Found @SpringBootConfiguration com.moneybags.ledger.LedgerServiceApplication for test class com.moneybags.ledger.LedgerApiIntegrationTest

  .   ____          _            __ _ _
 /\\ / ___'_ __ _ _(_)_ __  __ _ \ \ \ \
( ( )\___ | '_ | '_| | '_ \/ _` | \ \ \ \
 \\/  ___)| |_)| | | | | || (_| |  ) ) ) )
  '  |____| .__|_| |_|_| |_\__, | / / / /
 =========|_|==============|___/=/_/_/_/

 :: Spring Boot ::               (v3.3.13)

2026-08-13T14:33:51.463+05:30  INFO 20140 --- [           main] c.m.ledger.LedgerApiIntegrationTest      : Starting LedgerApiIntegrationTest using Java 17.0.12 with PID 20140 (started by Jay Sharma in C:\MoneyBags\moneybags\ledger-service)
2026-08-13T14:33:51.465+05:30  INFO 20140 --- [           main] c.m.ledger.LedgerApiIntegrationTest      : No active profile set, falling back to 1 default profile: "default"
2026-08-13T14:33:52.676+05:30  INFO 20140 --- [           main] .s.d.r.c.RepositoryConfigurationDelegate : Bootstrapping Spring Data JPA repositories in DEFAULT mode.
2026-08-13T14:33:52.828+05:30  INFO 20140 --- [           main] .s.d.r.c.RepositoryConfigurationDelegate : Finished Spring Data repository scanning in 141 ms. Found 3 JPA repository interfaces.
2026-08-13T14:33:53.070+05:30  INFO 20140 --- [           main] o.s.cloud.context.scope.GenericScope     : BeanFactory id=b191b4cd-e1d6-3d24-a43c-4565ddf4946a
2026-08-13T14:33:53.458+05:30  INFO 20140 --- [           main] com.zaxxer.hikari.HikariDataSource       : HikariPool-1 - Starting...
2026-08-13T14:33:53.692+05:30  INFO 20140 --- [           main] com.zaxxer.hikari.pool.HikariPool        : HikariPool-1 - Added connection conn0: url=jdbc:h2:mem:ledgerdb user=SA
2026-08-13T14:33:53.693+05:30  INFO 20140 --- [           main] com.zaxxer.hikari.HikariDataSource       : HikariPool-1 - Start completed.
2026-08-13T14:33:53.736+05:30  INFO 20140 --- [           main] org.flywaydb.core.FlywayExecutor         : Database: jdbc:h2:mem:ledgerdb (H2 2.2)
2026-08-13T14:33:53.744+05:30  WARN 20140 --- [           main] o.f.c.internal.database.base.Database    : Flyway upgrade recommended: H2 2.2.224 is newer than this version of Flyway and support has not been tested. The latest supported version of H2 is 2.2.220.
2026-08-13T14:33:53.763+05:30  INFO 20140 --- [           main] o.f.c.i.s.JdbcTableSchemaHistory         : Schema history table "PUBLIC"."flyway_schema_history" does not exist yet
2026-08-13T14:33:53.766+05:30  INFO 20140 --- [           main] o.f.core.internal.command.DbValidate     : Successfully validated 2 migrations (execution time 00:00.011s)
2026-08-13T14:33:53.772+05:30  INFO 20140 --- [           main] o.f.c.i.s.JdbcTableSchemaHistory         : Creating Schema History table "PUBLIC"."flyway_schema_history" ...
2026-08-13T14:33:53.820+05:30  INFO 20140 --- [           main] o.f.core.internal.command.DbMigrate      : Current version of schema "PUBLIC": << Empty Schema >>
2026-08-13T14:33:53.830+05:30  INFO 20140 --- [           main] o.f.core.internal.command.DbMigrate      : Migrating schema "PUBLIC" to version "1 - create ledger schema"
2026-08-13T14:33:53.873+05:30  INFO 20140 --- [           main] o.f.core.internal.command.DbMigrate      : Migrating schema "PUBLIC" to version "2 - seed ledger accounts"
2026-08-13T14:33:53.883+05:30  INFO 20140 --- [           main] o.f.core.internal.command.DbMigrate      : Successfully applied 2 migrations to schema "PUBLIC", now at version v2 (execution time 00:00.032s)
2026-08-13T14:33:53.973+05:30  INFO 20140 --- [           main] o.hibernate.jpa.internal.util.LogHelper  : HHH000204: Processing PersistenceUnitInfo [name: default]
2026-08-13T14:33:54.052+05:30  INFO 20140 --- [           main] org.hibernate.Version                    : HHH000412: Hibernate ORM core version 6.5.3.Final
2026-08-13T14:33:54.086+05:30  INFO 20140 --- [           main] o.h.c.internal.RegionFactoryInitiator    : HHH000026: Second-level cache disabled
2026-08-13T14:33:54.334+05:30  INFO 20140 --- [           main] o.s.o.j.p.SpringPersistenceUnitInfo      : No LoadTimeWeaver setup: ignoring JPA class transformer
2026-08-13T14:33:54.376+05:30  WARN 20140 --- [           main] org.hibernate.dialect.Dialect            : HHH000511: The 2.2.224 version for [org.hibernate.dialect.OracleDialect] is no longer supported, hence certain features may not work properly. The minimum supported version is 19.0.0. Check the community dialects project for available legacy versions.
2026-08-13T14:33:54.379+05:30  WARN 20140 --- [           main] org.hibernate.orm.deprecation            : HHH90000025: OracleDialect does not need to be specified explicitly using 'hibernate.dialect' (remove the property setting and it will be selected by default)
2026-08-13T14:33:55.130+05:30  INFO 20140 --- [           main] o.h.e.t.j.p.i.JtaPlatformInitiator       : HHH000489: No JTA platform available (set 'hibernate.transaction.jta.platform' to enable JTA platform integration)
2026-08-13T14:33:55.133+05:30  INFO 20140 --- [           main] j.LocalContainerEntityManagerFactoryBean : Initialized JPA EntityManagerFactory for persistence unit 'default'
2026-08-13T14:33:55.370+05:30  INFO 20140 --- [           main] o.s.d.j.r.query.QueryEnhancerFactory     : Hibernate is in classpath; If applicable, HQL parser will be used.
2026-08-13T14:33:56.643+05:30  INFO 20140 --- [           main] o.s.b.t.m.w.SpringBootMockServletContext : Initializing Spring TestDispatcherServlet ''
2026-08-13T14:33:56.643+05:30  INFO 20140 --- [           main] o.s.t.web.servlet.TestDispatcherServlet  : Initializing Servlet ''
2026-08-13T14:33:56.648+05:30  INFO 20140 --- [           main] o.s.b.a.e.web.EndpointLinksResolver      : Exposing 1 endpoint beneath base path '/actuator'
2026-08-13T14:33:56.657+05:30  INFO 20140 --- [           main] o.s.t.web.servlet.TestDispatcherServlet  : Completed initialization in 12 ms
2026-08-13T14:33:57.800+05:30  INFO 20140 --- [           main] o.s.cloud.commons.util.InetUtils         : Cannot determine local hostname
2026-08-13T14:33:57.821+05:30  INFO 20140 --- [           main] DiscoveryClientOptionalArgsConfiguration : Eureka HTTP Client uses RestTemplate.
2026-08-13T14:33:57.876+05:30  WARN 20140 --- [           main] iguration$LoadBalancerCaffeineWarnLogger : Spring Cloud LoadBalancer is currently working with the default cache. While this cache implementation is useful for development and tests, it's recommended to use Caffeine cache in production.You can switch to using Caffeine cache, by adding it and org.springframework.cache.caffeine.CaffeineCacheManager to the classpath.
2026-08-13T14:33:57.951+05:30  INFO 20140 --- [           main] c.m.ledger.LedgerApiIntegrationTest      : Started LedgerApiIntegrationTest in 7.918 seconds (process running for 8.919)
2026-08-13T14:33:58.872+05:30  INFO 20140 --- [           main] o.springdoc.api.AbstractOpenApiResource  : Init duration for springdoc-openapi is: 453 ms
]]></system-out>
  </testcase>
  <testcase name="postsAndQueriesAJournalThroughHttp" classname="com.moneybags.ledger.LedgerApiIntegrationTest" time="0.326"/>
</testsuite>